mobile/DeliveryBotApp/app/build/intermediates/manifest_merge_blame_file/debug/processDebugMainManifest/manifest-merger-blame-debug-report.txt
1<?xml version="1.0" encoding="utf-8"?>
2<manifest xmlns:android="http://schemas.android.com/apk/res/android"
3    package="com.example.deliverybot"
4    android:versionCode="2"
5    android:versionName="1.0" >
6
7    <uses-sdk
8        android:minSdkVersion="24"
9        android:targetSdkVersion="34" />
10
11    <uses-permission android:name="android.permission.INTERNET" />
11-->src/main/AndroidManifest.xml:4:5-67
11-->src/main/AndroidManifest.xml:4:22-64
12    <uses-permission android:name="android.permission.ACCESS_NETWORK_STATE" />
12-->src/main/AndroidManifest.xml:5:5-79
12-->src/main/AndroidManifest.xml:5:22-76
13    <uses-permission android:name="android.permission.ACCESS_WIFI_STATE" />
13-->src/main/AndroidManifest.xml:6:5-76
13-->src/main/AndroidManifest.xml:6:22-73
14    <uses-permission android:name="android.permission.POST_NOTIFICATIONS" />
14-->src/main/AndroidManifest.xml:7:5-77
14-->src/main/AndroidManifest.xml:7:22-74
15    <uses-permission android:name="android.permission.CAMERA" />
15-->src/main/AndroidManifest.xml:8:5-65
15-->src/main/AndroidManifest.xml:8:22-62
16    <uses-permission
16-->src/main/AndroidManifest.xml:9:5-108
17        android:name="android.permission.WRITE_EXTERNAL_STORAGE"
17-->src/main/AndroidManifest.xml:9:22-78
18        android:maxSdkVersion="28" />
18-->src/main/AndroidManifest.xml:9:79-105
19    <uses-permission android:name="android.permission.VIBRATE" />
19-->src/main/AndroidManifest.xml:10:5-66
19-->src/main/AndroidManifest.xml:10:22-63
20
21    <permission
21-->[androidx.core:core:1.13.1] AndroidManifest.xml:22:5-24:47
22        android:name="com.example.deliverybot.DYNAMIC_RECEIVER_NOT_EXPORTED_PERMISSION"
22-->[androidx.core:core:1.13.1] AndroidManifest.xml:23:9-81
23        android:protectionLevel="signature" />
23-->[androidx.core:core:1.13.1] AndroidManifest.xml:24:9-44
24
25    <uses-permission android:name="com.example.deliverybot.DYNAMIC_RECEIVER_NOT_EXPORTED_PERMISSION" />
25-->[androidx.core:core:1.13.1] AndroidManifest.xml:26:5-97
25-->[androidx.core:core:1.13.1] AndroidManifest.xml:26:22-94
26
27    <supports-screens
27-->[org.osmdroid:osmdroid-android:6.1.16] AndroidManifest.xml:9:5-12:40
28        android:anyDensity="true"
28-->[org.osmdroid:osmdroid-android:6.1.16] AndroidManifest.xml:10:9-34
29        android:largeScreens="true"
29-->[org.osmdroid:osmdroid-android:6.1.16] AndroidManifest.xml:11:9-36
30        android:normalScreens="true" />
30-->[org.osmdroid:osmdroid-android:6.1.16] AndroidManifest.xml:12:9-37
31
32    <uses-feature
32-->[org.osmdroid:osmdroid-android:6.1.16] AndroidManifest.xml:14:5-16:36
33        android:name="android.hardware.location.network"
33-->[org.osmdroid:osmdroid-android:6.1.16] AndroidManifest.xml:15:9-57
34        android:required="false" />
34-->[org.osmdroid:osmdroid-android:6.1.16] AndroidManifest.xml:16:9-33
35    <uses-feature
35-->[org.osmdroid:osmdroid-android:6.1.16] AndroidManifest.xml:17:5-19:36
36        android:name="android.hardware.location.gps"
36-->[org.osmdroid:osmdroid-android:6.1.16] AndroidManifest.xml:18:9-53
37        android:required="false" />
37-->[org.osmdroid:osmdroid-android:6.1.16] AndroidManifest.xml:19:9-33
38    <uses-feature
38-->[org.osmdroid:osmdroid-android:6.1.16] AndroidManifest.xml:20:5-22:36
39        android:name="android.hardware.telephony"
39-->[org.osmdroid:osmdroid-android:6.1.16] AndroidManifest.xml:21:9-50
40        android:required="false" />
40-->[org.osmdroid:osmdroid-android:6.1.16] AndroidManifest.xml:22:9-33
41    <uses-feature
41-->[org.osmdroid:osmdroid-android:6.1.16] AndroidManifest.xml:23:5-25:36
42        android:name="android.hardware.wifi"
42-->[org.osmdroid:osmdroid-android:6.1.16] AndroidManifest.xml:24:9-45
43        android:required="false" />
43-->[org.osmdroid:osmdroid-android:6.1.16] AndroidManifest.xml:25:9-33
44
45    <application
45-->src/main/AndroidManifest.xml:12:5-68:19
46        android:allowBackup="true"
46-->src/main/AndroidManifest.xml:13:9-35
47        android:appComponentFactory="androidx.core.app.CoreComponentFactory"
47-->[androidx.core:core:1.13.1] AndroidManifest.xml:28:18-86
48        android:debuggable="true"
49        android:extractNativeLibs="false"
50        android:icon="@drawable/ic_app_logo_new"
50-->src/main/AndroidManifest.xml:15:9-49
51        android:label="@string/app_name"
51-->src/main/AndroidManifest.xml:14:9-41
52        android:networkSecurityConfig="@xml/network_security_config"
52-->src/main/AndroidManifest.xml:19:9-69
53        android:roundIcon="@drawable/ic_app_logo_new"
53-->src/main/AndroidManifest.xml:17:9-54
54        android:theme="@style/Theme.DeliveryBotApp"
54-->src/main/AndroidManifest.xml:20:9-52
55        android:usesCleartextTraffic="true" >
55-->src/main/AndroidManifest.xml:18:9-44
56        <activity
56-->src/main/AndroidManifest.xml:22:9-26:52
57            android:name="com.example.deliverybot.MapActivity"
57-->src/main/AndroidManifest.xml:23:13-40
58            android:label="Map Navigation"
58-->src/main/AndroidManifest.xml:24:13-43
59            android:screenOrientation="portrait"
59-->src/main/AndroidManifest.xml:26:13-49
60            android:theme="@style/Theme.AppCompat.DayNight.NoActionBar" />
60-->src/main/AndroidManifest.xml:25:13-72
61        <activity
61-->src/main/AndroidManifest.xml:28:9-33:20
62            android:name="com.example.deliverybot.MainActivity"
62-->src/main/AndroidManifest.xml:28:19-47
63            android:exported="true" >
63-->src/main/AndroidManifest.xml:28:48-71
64            <intent-filter>
64-->src/main/AndroidManifest.xml:29:13-32:29
65                <action android:name="android.intent.action.MAIN" />
65-->src/main/AndroidManifest.xml:30:17-69
65-->src/main/AndroidManifest.xml:30:25-66
66
67                <category android:name="android.intent.category.LAUNCHER" />
67-->src/main/AndroidManifest.xml:31:17-77
67-->src/main/AndroidManifest.xml:31:27-74
68            </intent-filter>
69        </activity>
70        <activity
70-->src/main/AndroidManifest.xml:35:9-97
71            android:name="com.example.deliverybot.ChatActivity"
71-->src/main/AndroidManifest.xml:35:19-70
72            android:exported="true" />
72-->src/main/AndroidManifest.xml:35:71-94
73        <activity
73-->src/main/AndroidManifest.xml:36:9-99
74            android:name="com.example.deliverybot.OrdersActivity"
74-->src/main/AndroidManifest.xml:36:19-72
75            android:exported="true" />
75-->src/main/AndroidManifest.xml:36:73-96
76        <activity
76-->src/main/AndroidManifest.xml:37:9-134
77            android:name="com.example.deliverybot.CameraActivity"
77-->src/main/AndroidManifest.xml:37:19-72
78            android:exported="true"
78-->src/main/AndroidManifest.xml:37:73-96
79            android:hardwareAccelerated="true" />
79-->src/main/AndroidManifest.xml:37:97-131
80        <activity
80-->src/main/AndroidManifest.xml:39:9-78
81            android:name="com.example.deliverybot.AddressActivity"
81-->src/main/AndroidManifest.xml:39:19-50
82            android:exported="false" />
82-->src/main/AndroidManifest.xml:39:51-75
83        <activity
83-->src/main/AndroidManifest.xml:40:9-76
84            android:name="com.example.deliverybot.PhoneActivity"
84-->src/main/AndroidManifest.xml:40:19-48
85            android:exported="false" />
85-->src/main/AndroidManifest.xml:40:49-73
86        <activity
86-->src/main/AndroidManifest.xml:41:9-75
87            android:name="com.example.deliverybot.ScanActivity"
87-->src/main/AndroidManifest.xml:41:19-47
88            android:exported="false" />
88-->src/main/AndroidManifest.xml:41:48-72
89        <activity
89-->src/main/AndroidManifest.xml:42:9-79
90            android:name="com.example.deliverybot.SettingsActivity"
90-->src/main/AndroidManifest.xml:42:19-51
91            android:exported="false" />
91-->src/main/AndroidManifest.xml:42:52-76
92        <activity
92-->src/main/AndroidManifest.xml:43:9-115
93            android:name="com.example.deliverybot.DashboardActivity"
93-->src/main/AndroidManifest.xml:43:19-52
94            android:exported="false"
94-->src/main/AndroidManifest.xml:43:53-77
95            android:hardwareAccelerated="true" />
95-->src/main/AndroidManifest.xml:43:78-112
96
97        <provider
98            android:name="androidx.core.content.FileProvider"
98-->src/main/AndroidManifest.xml:46:13-62
99            android:authorities="com.example.deliverybot.provider"
99-->src/main/AndroidManifest.xml:47:13-60
100            android:exported="false"
100-->src/main/AndroidManifest.xml:48:13-37
101            android:grantUriPermissions="true" >
101-->src/main/AndroidManifest.xml:49:13-47
102            <meta-data
102-->src/main/AndroidManifest.xml:50:13-52:54
103                android:name="android.support.FILE_PROVIDER_PATHS"
103-->src/main/AndroidManifest.xml:51:17-67
104                android:resource="@xml/file_paths" />
104-->src/main/AndroidManifest.xml:52:17-51
105        </provider>
106
107        <activity
107-->src/main/AndroidManifest.xml:55:9-59:52
108            android:name="com.example.deliverybot.ChatbotActivity"
108-->src/main/AndroidManifest.xml:56:13-44
109            android:label="AI Chatbot"
109-->src/main/AndroidManifest.xml:57:13-39
110            android:screenOrientation="portrait"
110-->src/main/AndroidManifest.xml:59:13-49
111            android:theme="@style/Theme.AppCompat.DayNight.NoActionBar" />
111-->src/main/AndroidManifest.xml:58:13-72
112        <activity
112-->src/main/AndroidManifest.xml:63:9-67:52
113            android:name="com.example.deliverybot.RobotAssistantActivity"
113-->src/main/AndroidManifest.xml:64:13-51
114            android:label="Robot Assistant"
114-->src/main/AndroidManifest.xml:65:13-44
115            android:screenOrientation="portrait"
115-->src/main/AndroidManifest.xml:67:13-49
116            android:theme="@style/Theme.AppCompat.DayNight.NoActionBar" />
116-->src/main/AndroidManifest.xml:66:13-72
117
118        <provider
118-->[androidx.emoji2:emoji2:1.3.0] AndroidManifest.xml:24:9-32:20
119            android:name="androidx.startup.InitializationProvider"
119-->[androidx.emoji2:emoji2:1.3.0] AndroidManifest.xml:25:13-67
120            android:authorities="com.example.deliverybot.androidx-startup"
120-->[androidx.emoji2:emoji2:1.3.0] AndroidManifest.xml:26:13-68
121            android:exported="false" >
121-->[androidx.emoji2:emoji2:1.3.0] AndroidManifest.xml:27:13-37
122            <meta-data
122-->[androidx.emoji2:emoji2:1.3.0] AndroidManifest.xml:29:13-31:52
123                android:name="androidx.emoji2.text.EmojiCompatInitializer"
123-->[androidx.emoji2:emoji2:1.3.0] AndroidManifest.xml:30:17-75
124                android:value="androidx.startup" />
124-->[androidx.emoji2:emoji2:1.3.0] AndroidManifest.xml:31:17-49
125            <meta-data
125-->[androidx.lifecycle:lifecycle-process:2.6.2] AndroidManifest.xml:29:13-31:52
126                android:name="androidx.lifecycle.ProcessLifecycleInitializer"
126-->[androidx.lifecycle:lifecycle-process:2.6.2] AndroidManifest.xml:30:17-78
127                android:value="androidx.startup" />
127-->[androidx.lifecycle:lifecycle-process:2.6.2] AndroidManifest.xml:31:17-49
128            <meta-data
128-->[androidx.profileinstaller:profileinstaller:1.3.1] AndroidManifest.xml:29:13-31:52
129                android:name="androidx.profileinstaller.ProfileInstallerInitializer"
129-->[androidx.profileinstaller:profileinstaller:1.3.1] AndroidManifest.xml:30:17-85
130                android:value="androidx.startup" />
130-->[androidx.profileinstaller:profileinstaller:1.3.1] AndroidManifest.xml:31:17-49
131        </provider>
132
133        <receiver
133-->[androidx.profileinstaller:profileinstaller:1.3.1] AndroidManifest.xml:34:9-52:20
134            android:name="androidx.profileinstaller.ProfileInstallReceiver"
134-->[androidx.profileinstaller:profileinstaller:1.3.1] AndroidManifest.xml:35:13-76
135            android:directBootAware="false"
135-->[androidx.profileinstaller:profileinstaller:1.3.1] AndroidManifest.xml:36:13-44
136            android:enabled="true"
136-->[androidx.profileinstaller:profileinstaller:1.3.1] AndroidManifest.xml:37:13-35
137            android:exported="true"
137-->[androidx.profileinstaller:profileinstaller:1.3.1] AndroidManifest.xml:38:13-36
138            android:permission="android.permission.DUMP" >
138-->[androidx.profileinstaller:profileinstaller:1.3.1] AndroidManifest.xml:39:13-57
139            <intent-filter>
139-->[androidx.profileinstaller:profileinstaller:1.3.1] AndroidManifest.xml:40:13-42:29
140                <action android:name="androidx.profileinstaller.action.INSTALL_PROFILE" />
140-->[androidx.profileinstaller:profileinstaller:1.3.1] AndroidManifest.xml:41:17-91
140-->[androidx.profileinstaller:profileinstaller:1.3.1] AndroidManifest.xml:41:25-88
141            </intent-filter>
142            <intent-filter>
142-->[androidx.profileinstaller:profileinstaller:1.3.1] AndroidManifest.xml:43:13-45:29
143                <action android:name="androidx.profileinstaller.action.SKIP_FILE" />
143-->[androidx.profileinstaller:profileinstaller:1.3.1] AndroidManifest.xml:44:17-85
143-->[androidx.profileinstaller:profileinstaller:1.3.1] AndroidManifest.xml:44:25-82
144            </intent-filter>
145            <intent-filter>
145-->[androidx.profileinstaller:profileinstaller:1.3.1] AndroidManifest.xml:46:13-48:29
146                <action android:name="androidx.profileinstaller.action.SAVE_PROFILE" />
146-->[androidx.profileinstaller:profileinstaller:1.3.1] AndroidManifest.xml:47:17-88
146-->[androidx.profileinstaller:profileinstaller:1.3.1] AndroidManifest.xml:47:25-85
147            </intent-filter>
148            <intent-filter>
148-->[androidx.profileinstaller:profileinstaller:1.3.1] AndroidManifest.xml:49:13-51:29
149                <action android:name="androidx.profileinstaller.action.BENCHMARK_OPERATION" />
149-->[androidx.profileinstaller:profileinstaller:1.3.1] AndroidManifest.xml:50:17-95
149-->[androidx.profileinstaller:profileinstaller:1.3.1] AndroidManifest.xml:50:25-92
150            </intent-filter>
151        </receiver>
152    </application>
153
154</manifest>